C:\Users\almed_000\Documents\Visual Studio 2015\Projects\EtfDashboard\EtfDashboard.WebClient\src\app\app.component.js
C:\Users\almed_000\Documents\Visual Studio 2015\Projects\EtfDashboard\EtfDashboard.WebClient\src\app\app.component.js.map
C:\Users\almed_000\Documents\Visual Studio 2015\Projects\EtfDashboard\EtfDashboard.WebClient\src\app\app.module.js
C:\Users\almed_000\Documents\Visual Studio 2015\Projects\EtfDashboard\EtfDashboard.WebClient\src\app\app.module.js.map
C:\Users\almed_000\Documents\Visual Studio 2015\Projects\EtfDashboard\EtfDashboard.WebClient\src\main.js
C:\Users\almed_000\Documents\Visual Studio 2015\Projects\EtfDashboard\EtfDashboard.WebClient\src\main.js.map
C:\Users\almed_000\Documents\Visual Studio 2015\Projects\EtfDashboard\EtfDashboard.WebClient\src\app\app.component.spec.js
C:\Users\almed_000\Documents\Visual Studio 2015\Projects\EtfDashboard\EtfDashboard.WebClient\src\app\app.component.spec.js.map
C:\Users\almed_000\Documents\Visual Studio 2015\Projects\EtfDashboard\EtfDashboard.WebClient\src\app\my-globals.js
C:\Users\almed_000\Documents\Visual Studio 2015\Projects\EtfDashboard\EtfDashboard.WebClient\src\app\my-globals.js.map
C:\Users\almed_000\Documents\Visual Studio 2015\Projects\EtfDashboard\EtfDashboard.WebClient\src\app\login\auth.service.js
C:\Users\almed_000\Documents\Visual Studio 2015\Projects\EtfDashboard\EtfDashboard.WebClient\src\app\login\auth.service.js.map
C:\Users\almed_000\Documents\Visual Studio 2015\Projects\EtfDashboard\EtfDashboard.WebClient\src\app\login\auth.guard.js
C:\Users\almed_000\Documents\Visual Studio 2015\Projects\EtfDashboard\EtfDashboard.WebClient\src\app\login\auth.guard.js.map
C:\Users\almed_000\Documents\Visual Studio 2015\Projects\EtfDashboard\EtfDashboard.WebClient\src\app\common\global-events-manager.js
C:\Users\almed_000\Documents\Visual Studio 2015\Projects\EtfDashboard\EtfDashboard.WebClient\src\app\common\global-events-manager.js.map
C:\Users\almed_000\Documents\Visual Studio 2015\Projects\EtfDashboard\EtfDashboard.WebClient\src\app\login\login.component.js
C:\Users\almed_000\Documents\Visual Studio 2015\Projects\EtfDashboard\EtfDashboard.WebClient\src\app\login\login.component.js.map
C:\Users\almed_000\Documents\Visual Studio 2015\Projects\EtfDashboard\EtfDashboard.WebClient\src\app\login\login.guard.js
C:\Users\almed_000\Documents\Visual Studio 2015\Projects\EtfDashboard\EtfDashboard.WebClient\src\app\login\login.guard.js.map
C:\Users\almed_000\Documents\Visual Studio 2015\Projects\EtfDashboard\EtfDashboard.WebClient\src\app\common\http.client.js
C:\Users\almed_000\Documents\Visual Studio 2015\Projects\EtfDashboard\EtfDashboard.WebClient\src\app\common\http.client.js.map
C:\Users\almed_000\Documents\Visual Studio 2015\Projects\EtfDashboard\EtfDashboard.WebClient\src\app\common\menu.component.js
C:\Users\almed_000\Documents\Visual Studio 2015\Projects\EtfDashboard\EtfDashboard.WebClient\src\app\common\menu.component.js.map
C:\Users\almed_000\Documents\Visual Studio 2015\Projects\EtfDashboard\EtfDashboard.WebClient\src\app\common\global-events-manager.js
C:\Users\almed_000\Documents\Visual Studio 2015\Projects\EtfDashboard\EtfDashboard.WebClient\src\app\common\global-events-manager.js.map
C:\Users\almed_000\Documents\Visual Studio 2015\Projects\EtfDashboard\EtfDashboard.WebClient\src\app\my-globals.js
C:\Users\almed_000\Documents\Visual Studio 2015\Projects\EtfDashboard\EtfDashboard.WebClient\src\app\my-globals.js.map
C:\Users\almed_000\Documents\Visual Studio 2015\Projects\EtfDashboard\EtfDashboard.WebClient\src\app\login\auth.service.js
C:\Users\almed_000\Documents\Visual Studio 2015\Projects\EtfDashboard\EtfDashboard.WebClient\src\app\login\auth.service.js.map
C:\Users\almed_000\Documents\Visual Studio 2015\Projects\EtfDashboard\EtfDashboard.WebClient\src\app\login\login.component.js
C:\Users\almed_000\Documents\Visual Studio 2015\Projects\EtfDashboard\EtfDashboard.WebClient\src\app\login\login.component.js.map
C:\Users\almed_000\Documents\Visual Studio 2015\Projects\EtfDashboard\EtfDashboard.WebClient\src\app\login\auth.guard.js
C:\Users\almed_000\Documents\Visual Studio 2015\Projects\EtfDashboard\EtfDashboard.WebClient\src\app\login\auth.guard.js.map
C:\Users\almed_000\Documents\Visual Studio 2015\Projects\EtfDashboard\EtfDashboard.WebClient\src\app\login\login.guard.js
C:\Users\almed_000\Documents\Visual Studio 2015\Projects\EtfDashboard\EtfDashboard.WebClient\src\app\login\login.guard.js.map
C:\Users\almed_000\Documents\Visual Studio 2015\Projects\EtfDashboard\EtfDashboard.WebClient\src\app\applicationUsers\clan.component.js
C:\Users\almed_000\Documents\Visual Studio 2015\Projects\EtfDashboard\EtfDashboard.WebClient\src\app\applicationUsers\clan.component.js.map
C:\Users\almed_000\Documents\Visual Studio 2015\Projects\EtfDashboard\EtfDashboard.WebClient\src\app\app.routing.js
C:\Users\almed_000\Documents\Visual Studio 2015\Projects\EtfDashboard\EtfDashboard.WebClient\src\app\app.routing.js.map
C:\Users\almed_000\Documents\Visual Studio 2015\Projects\EtfDashboard\EtfDashboard.WebClient\src\app\common\http.client.js
C:\Users\almed_000\Documents\Visual Studio 2015\Projects\EtfDashboard\EtfDashboard.WebClient\src\app\common\http.client.js.map
C:\Users\almed_000\Documents\Visual Studio 2015\Projects\EtfDashboard\EtfDashboard.WebClient\src\app\common\menu.component.js
C:\Users\almed_000\Documents\Visual Studio 2015\Projects\EtfDashboard\EtfDashboard.WebClient\src\app\common\menu.component.js.map
C:\Users\almed_000\Documents\Visual Studio 2015\Projects\EtfDashboard\EtfDashboard.WebClient\src\app\app.component.js
C:\Users\almed_000\Documents\Visual Studio 2015\Projects\EtfDashboard\EtfDashboard.WebClient\src\app\app.component.js.map
C:\Users\almed_000\Documents\Visual Studio 2015\Projects\EtfDashboard\EtfDashboard.WebClient\src\app\app.module.js
C:\Users\almed_000\Documents\Visual Studio 2015\Projects\EtfDashboard\EtfDashboard.WebClient\src\app\app.module.js.map
C:\Users\almed_000\Documents\Visual Studio 2015\Projects\EtfDashboard\EtfDashboard.WebClient\src\main.js
C:\Users\almed_000\Documents\Visual Studio 2015\Projects\EtfDashboard\EtfDashboard.WebClient\src\main.js.map
C:\Users\almed_000\Documents\Visual Studio 2015\Projects\EtfDashboard\EtfDashboard.WebClient\src\app\app.component.spec.js
C:\Users\almed_000\Documents\Visual Studio 2015\Projects\EtfDashboard\EtfDashboard.WebClient\src\app\app.component.spec.js.map
C:\Users\almed_000\Documents\Visual Studio 2015\Projects\EtfDashboard\EtfDashboard.WebClient\src\app\common\global-events-manager.js
C:\Users\almed_000\Documents\Visual Studio 2015\Projects\EtfDashboard\EtfDashboard.WebClient\src\app\common\global-events-manager.js.map
C:\Users\almed_000\Documents\Visual Studio 2015\Projects\EtfDashboard\EtfDashboard.WebClient\src\app\my-globals.js
C:\Users\almed_000\Documents\Visual Studio 2015\Projects\EtfDashboard\EtfDashboard.WebClient\src\app\my-globals.js.map
C:\Users\almed_000\Documents\Visual Studio 2015\Projects\EtfDashboard\EtfDashboard.WebClient\src\app\login\auth.service.js
C:\Users\almed_000\Documents\Visual Studio 2015\Projects\EtfDashboard\EtfDashboard.WebClient\src\app\login\auth.service.js.map
C:\Users\almed_000\Documents\Visual Studio 2015\Projects\EtfDashboard\EtfDashboard.WebClient\src\app\login\login.component.js
C:\Users\almed_000\Documents\Visual Studio 2015\Projects\EtfDashboard\EtfDashboard.WebClient\src\app\login\login.component.js.map
C:\Users\almed_000\Documents\Visual Studio 2015\Projects\EtfDashboard\EtfDashboard.WebClient\src\app\login\auth.guard.js
C:\Users\almed_000\Documents\Visual Studio 2015\Projects\EtfDashboard\EtfDashboard.WebClient\src\app\login\auth.guard.js.map
C:\Users\almed_000\Documents\Visual Studio 2015\Projects\EtfDashboard\EtfDashboard.WebClient\src\app\login\login.guard.js
C:\Users\almed_000\Documents\Visual Studio 2015\Projects\EtfDashboard\EtfDashboard.WebClient\src\app\login\login.guard.js.map
C:\Users\almed_000\Documents\Visual Studio 2015\Projects\EtfDashboard\EtfDashboard.WebClient\src\app\applicationUsers\clan.component.js
C:\Users\almed_000\Documents\Visual Studio 2015\Projects\EtfDashboard\EtfDashboard.WebClient\src\app\applicationUsers\clan.component.js.map
C:\Users\almed_000\Documents\Visual Studio 2015\Projects\EtfDashboard\EtfDashboard.WebClient\src\app\app.routing.js
C:\Users\almed_000\Documents\Visual Studio 2015\Projects\EtfDashboard\EtfDashboard.WebClient\src\app\app.routing.js.map
C:\Users\almed_000\Documents\Visual Studio 2015\Projects\EtfDashboard\EtfDashboard.WebClient\src\app\common\http.client.js
C:\Users\almed_000\Documents\Visual Studio 2015\Projects\EtfDashboard\EtfDashboard.WebClient\src\app\common\http.client.js.map
C:\Users\almed_000\Documents\Visual Studio 2015\Projects\EtfDashboard\EtfDashboard.WebClient\src\app\common\menu.component.js
C:\Users\almed_000\Documents\Visual Studio 2015\Projects\EtfDashboard\EtfDashboard.WebClient\src\app\common\menu.component.js.map
C:\Users\almed_000\Documents\Visual Studio 2015\Projects\EtfDashboard\EtfDashboard.WebClient\src\app\app.component.js
C:\Users\almed_000\Documents\Visual Studio 2015\Projects\EtfDashboard\EtfDashboard.WebClient\src\app\app.component.js.map
C:\Users\almed_000\Documents\Visual Studio 2015\Projects\EtfDashboard\EtfDashboard.WebClient\src\app\app.module.js
C:\Users\almed_000\Documents\Visual Studio 2015\Projects\EtfDashboard\EtfDashboard.WebClient\src\app\app.module.js.map
C:\Users\almed_000\Documents\Visual Studio 2015\Projects\EtfDashboard\EtfDashboard.WebClient\src\main.js
C:\Users\almed_000\Documents\Visual Studio 2015\Projects\EtfDashboard\EtfDashboard.WebClient\src\main.js.map
C:\Users\almed_000\Documents\Visual Studio 2015\Projects\EtfDashboard\EtfDashboard.WebClient\src\app\app.component.spec.js
C:\Users\almed_000\Documents\Visual Studio 2015\Projects\EtfDashboard\EtfDashboard.WebClient\src\app\app.component.spec.js.map
C:\Users\almed_000\Documents\Visual Studio 2015\Projects\EtfDashboard\EtfDashboard.WebClient\src\app\common\global-events-manager.js
C:\Users\almed_000\Documents\Visual Studio 2015\Projects\EtfDashboard\EtfDashboard.WebClient\src\app\common\global-events-manager.js.map
C:\Users\almed_000\Documents\Visual Studio 2015\Projects\EtfDashboard\EtfDashboard.WebClient\src\app\my-globals.js
C:\Users\almed_000\Documents\Visual Studio 2015\Projects\EtfDashboard\EtfDashboard.WebClient\src\app\my-globals.js.map
C:\Users\almed_000\Documents\Visual Studio 2015\Projects\EtfDashboard\EtfDashboard.WebClient\src\app\login\auth.service.js
C:\Users\almed_000\Documents\Visual Studio 2015\Projects\EtfDashboard\EtfDashboard.WebClient\src\app\login\auth.service.js.map
C:\Users\almed_000\Documents\Visual Studio 2015\Projects\EtfDashboard\EtfDashboard.WebClient\src\app\login\login.component.js
C:\Users\almed_000\Documents\Visual Studio 2015\Projects\EtfDashboard\EtfDashboard.WebClient\src\app\login\login.component.js.map
C:\Users\almed_000\Documents\Visual Studio 2015\Projects\EtfDashboard\EtfDashboard.WebClient\src\app\login\auth.guard.js
C:\Users\almed_000\Documents\Visual Studio 2015\Projects\EtfDashboard\EtfDashboard.WebClient\src\app\login\auth.guard.js.map
C:\Users\almed_000\Documents\Visual Studio 2015\Projects\EtfDashboard\EtfDashboard.WebClient\src\app\login\login.guard.js
C:\Users\almed_000\Documents\Visual Studio 2015\Projects\EtfDashboard\EtfDashboard.WebClient\src\app\login\login.guard.js.map
C:\Users\almed_000\Documents\Visual Studio 2015\Projects\EtfDashboard\EtfDashboard.WebClient\src\app\applicationUsers\clan.component.js
C:\Users\almed_000\Documents\Visual Studio 2015\Projects\EtfDashboard\EtfDashboard.WebClient\src\app\applicationUsers\clan.component.js.map
C:\Users\almed_000\Documents\Visual Studio 2015\Projects\EtfDashboard\EtfDashboard.WebClient\src\app\app.routing.js
C:\Users\almed_000\Documents\Visual Studio 2015\Projects\EtfDashboard\EtfDashboard.WebClient\src\app\app.routing.js.map
C:\Users\almed_000\Documents\Visual Studio 2015\Projects\EtfDashboard\EtfDashboard.WebClient\src\app\common\http.client.js
C:\Users\almed_000\Documents\Visual Studio 2015\Projects\EtfDashboard\EtfDashboard.WebClient\src\app\common\http.client.js.map
C:\Users\almed_000\Documents\Visual Studio 2015\Projects\EtfDashboard\EtfDashboard.WebClient\src\app\common\menu.component.js
C:\Users\almed_000\Documents\Visual Studio 2015\Projects\EtfDashboard\EtfDashboard.WebClient\src\app\common\menu.component.js.map
C:\Users\almed_000\Documents\Visual Studio 2015\Projects\EtfDashboard\EtfDashboard.WebClient\src\app\app.component.js
C:\Users\almed_000\Documents\Visual Studio 2015\Projects\EtfDashboard\EtfDashboard.WebClient\src\app\app.component.js.map
C:\Users\almed_000\Documents\Visual Studio 2015\Projects\EtfDashboard\EtfDashboard.WebClient\src\app\app.module.js
C:\Users\almed_000\Documents\Visual Studio 2015\Projects\EtfDashboard\EtfDashboard.WebClient\src\app\app.module.js.map
C:\Users\almed_000\Documents\Visual Studio 2015\Projects\EtfDashboard\EtfDashboard.WebClient\src\main.js
C:\Users\almed_000\Documents\Visual Studio 2015\Projects\EtfDashboard\EtfDashboard.WebClient\src\main.js.map
C:\Users\almed_000\Documents\Visual Studio 2015\Projects\EtfDashboard\EtfDashboard.WebClient\src\app\app.component.spec.js
C:\Users\almed_000\Documents\Visual Studio 2015\Projects\EtfDashboard\EtfDashboard.WebClient\src\app\app.component.spec.js.map
C:\Users\almed_000\Documents\Visual Studio 2015\Projects\EtfDashboard\EtfDashboard.WebClient\src\app\common\global-events-manager.js
C:\Users\almed_000\Documents\Visual Studio 2015\Projects\EtfDashboard\EtfDashboard.WebClient\src\app\common\global-events-manager.js.map
C:\Users\almed_000\Documents\Visual Studio 2015\Projects\EtfDashboard\EtfDashboard.WebClient\src\app\my-globals.js
C:\Users\almed_000\Documents\Visual Studio 2015\Projects\EtfDashboard\EtfDashboard.WebClient\src\app\my-globals.js.map
C:\Users\almed_000\Documents\Visual Studio 2015\Projects\EtfDashboard\EtfDashboard.WebClient\src\app\login\auth.service.js
C:\Users\almed_000\Documents\Visual Studio 2015\Projects\EtfDashboard\EtfDashboard.WebClient\src\app\login\auth.service.js.map
C:\Users\almed_000\Documents\Visual Studio 2015\Projects\EtfDashboard\EtfDashboard.WebClient\src\app\login\login.component.js
C:\Users\almed_000\Documents\Visual Studio 2015\Projects\EtfDashboard\EtfDashboard.WebClient\src\app\login\login.component.js.map
C:\Users\almed_000\Documents\Visual Studio 2015\Projects\EtfDashboard\EtfDashboard.WebClient\src\app\login\auth.guard.js
C:\Users\almed_000\Documents\Visual Studio 2015\Projects\EtfDashboard\EtfDashboard.WebClient\src\app\login\auth.guard.js.map
C:\Users\almed_000\Documents\Visual Studio 2015\Projects\EtfDashboard\EtfDashboard.WebClient\src\app\login\login.guard.js
C:\Users\almed_000\Documents\Visual Studio 2015\Projects\EtfDashboard\EtfDashboard.WebClient\src\app\login\login.guard.js.map
C:\Users\almed_000\Documents\Visual Studio 2015\Projects\EtfDashboard\EtfDashboard.WebClient\src\app\applicationUsers\clan.component.js
C:\Users\almed_000\Documents\Visual Studio 2015\Projects\EtfDashboard\EtfDashboard.WebClient\src\app\applicationUsers\clan.component.js.map
C:\Users\almed_000\Documents\Visual Studio 2015\Projects\EtfDashboard\EtfDashboard.WebClient\src\app\app.routing.js
C:\Users\almed_000\Documents\Visual Studio 2015\Projects\EtfDashboard\EtfDashboard.WebClient\src\app\app.routing.js.map
C:\Users\almed_000\Documents\Visual Studio 2015\Projects\EtfDashboard\EtfDashboard.WebClient\src\app\common\http.client.js
C:\Users\almed_000\Documents\Visual Studio 2015\Projects\EtfDashboard\EtfDashboard.WebClient\src\app\common\http.client.js.map
C:\Users\almed_000\Documents\Visual Studio 2015\Projects\EtfDashboard\EtfDashboard.WebClient\src\app\common\menu.component.js
C:\Users\almed_000\Documents\Visual Studio 2015\Projects\EtfDashboard\EtfDashboard.WebClient\src\app\common\menu.component.js.map
C:\Users\almed_000\Documents\Visual Studio 2015\Projects\EtfDashboard\EtfDashboard.WebClient\src\app\app.component.js
C:\Users\almed_000\Documents\Visual Studio 2015\Projects\EtfDashboard\EtfDashboard.WebClient\src\app\app.component.js.map
C:\Users\almed_000\Documents\Visual Studio 2015\Projects\EtfDashboard\EtfDashboard.WebClient\src\app\app.module.js
C:\Users\almed_000\Documents\Visual Studio 2015\Projects\EtfDashboard\EtfDashboard.WebClient\src\app\app.module.js.map
C:\Users\almed_000\Documents\Visual Studio 2015\Projects\EtfDashboard\EtfDashboard.WebClient\src\main.js
C:\Users\almed_000\Documents\Visual Studio 2015\Projects\EtfDashboard\EtfDashboard.WebClient\src\main.js.map
C:\Users\almed_000\Documents\Visual Studio 2015\Projects\EtfDashboard\EtfDashboard.WebClient\src\app\app.component.spec.js
C:\Users\almed_000\Documents\Visual Studio 2015\Projects\EtfDashboard\EtfDashboard.WebClient\src\app\app.component.spec.js.map
C:\Users\almed_000\Documents\Visual Studio 2015\Projects\EtfDashboard\EtfDashboard.WebClient\src\app\common\global-events-manager.js
C:\Users\almed_000\Documents\Visual Studio 2015\Projects\EtfDashboard\EtfDashboard.WebClient\src\app\common\global-events-manager.js.map
C:\Users\almed_000\Documents\Visual Studio 2015\Projects\EtfDashboard\EtfDashboard.WebClient\src\app\my-globals.js
C:\Users\almed_000\Documents\Visual Studio 2015\Projects\EtfDashboard\EtfDashboard.WebClient\src\app\my-globals.js.map
C:\Users\almed_000\Documents\Visual Studio 2015\Projects\EtfDashboard\EtfDashboard.WebClient\src\app\login\auth.service.js
C:\Users\almed_000\Documents\Visual Studio 2015\Projects\EtfDashboard\EtfDashboard.WebClient\src\app\login\auth.service.js.map
C:\Users\almed_000\Documents\Visual Studio 2015\Projects\EtfDashboard\EtfDashboard.WebClient\src\app\login\login.component.js
C:\Users\almed_000\Documents\Visual Studio 2015\Projects\EtfDashboard\EtfDashboard.WebClient\src\app\login\login.component.js.map
C:\Users\almed_000\Documents\Visual Studio 2015\Projects\EtfDashboard\EtfDashboard.WebClient\src\app\login\auth.guard.js
C:\Users\almed_000\Documents\Visual Studio 2015\Projects\EtfDashboard\EtfDashboard.WebClient\src\app\login\auth.guard.js.map
C:\Users\almed_000\Documents\Visual Studio 2015\Projects\EtfDashboard\EtfDashboard.WebClient\src\app\login\login.guard.js
C:\Users\almed_000\Documents\Visual Studio 2015\Projects\EtfDashboard\EtfDashboard.WebClient\src\app\login\login.guard.js.map
C:\Users\almed_000\Documents\Visual Studio 2015\Projects\EtfDashboard\EtfDashboard.WebClient\src\app\applicationUsers\clan.component.js
C:\Users\almed_000\Documents\Visual Studio 2015\Projects\EtfDashboard\EtfDashboard.WebClient\src\app\applicationUsers\clan.component.js.map
C:\Users\almed_000\Documents\Visual Studio 2015\Projects\EtfDashboard\EtfDashboard.WebClient\src\app\app.routing.js
C:\Users\almed_000\Documents\Visual Studio 2015\Projects\EtfDashboard\EtfDashboard.WebClient\src\app\app.routing.js.map
C:\Users\almed_000\Documents\Visual Studio 2015\Projects\EtfDashboard\EtfDashboard.WebClient\src\app\common\http.client.js
C:\Users\almed_000\Documents\Visual Studio 2015\Projects\EtfDashboard\EtfDashboard.WebClient\src\app\common\http.client.js.map
C:\Users\almed_000\Documents\Visual Studio 2015\Projects\EtfDashboard\EtfDashboard.WebClient\src\app\common\menu.component.js
C:\Users\almed_000\Documents\Visual Studio 2015\Projects\EtfDashboard\EtfDashboard.WebClient\src\app\common\menu.component.js.map
C:\Users\almed_000\Documents\Visual Studio 2015\Projects\EtfDashboard\EtfDashboard.WebClient\src\app\app.component.js
C:\Users\almed_000\Documents\Visual Studio 2015\Projects\EtfDashboard\EtfDashboard.WebClient\src\app\app.component.js.map
C:\Users\almed_000\Documents\Visual Studio 2015\Projects\EtfDashboard\EtfDashboard.WebClient\src\app\app.module.js
C:\Users\almed_000\Documents\Visual Studio 2015\Projects\EtfDashboard\EtfDashboard.WebClient\src\app\app.module.js.map
C:\Users\almed_000\Documents\Visual Studio 2015\Projects\EtfDashboard\EtfDashboard.WebClient\src\main.js
C:\Users\almed_000\Documents\Visual Studio 2015\Projects\EtfDashboard\EtfDashboard.WebClient\src\main.js.map
C:\Users\almed_000\Documents\Visual Studio 2015\Projects\EtfDashboard\EtfDashboard.WebClient\src\app\app.component.spec.js
C:\Users\almed_000\Documents\Visual Studio 2015\Projects\EtfDashboard\EtfDashboard.WebClient\src\app\app.component.spec.js.map
C:\Users\almed_000\Documents\Visual Studio 2015\Projects\EtfDashboard\EtfDashboard.WebClient\src\app\common\global-events-manager.js
C:\Users\almed_000\Documents\Visual Studio 2015\Projects\EtfDashboard\EtfDashboard.WebClient\src\app\common\global-events-manager.js.map
C:\Users\almed_000\Documents\Visual Studio 2015\Projects\EtfDashboard\EtfDashboard.WebClient\src\app\my-globals.js
C:\Users\almed_000\Documents\Visual Studio 2015\Projects\EtfDashboard\EtfDashboard.WebClient\src\app\my-globals.js.map
C:\Users\almed_000\Documents\Visual Studio 2015\Projects\EtfDashboard\EtfDashboard.WebClient\src\app\login\auth.service.js
C:\Users\almed_000\Documents\Visual Studio 2015\Projects\EtfDashboard\EtfDashboard.WebClient\src\app\login\auth.service.js.map
C:\Users\almed_000\Documents\Visual Studio 2015\Projects\EtfDashboard\EtfDashboard.WebClient\src\app\login\login.component.js
C:\Users\almed_000\Documents\Visual Studio 2015\Projects\EtfDashboard\EtfDashboard.WebClient\src\app\login\login.component.js.map
C:\Users\almed_000\Documents\Visual Studio 2015\Projects\EtfDashboard\EtfDashboard.WebClient\src\app\login\auth.guard.js
C:\Users\almed_000\Documents\Visual Studio 2015\Projects\EtfDashboard\EtfDashboard.WebClient\src\app\login\auth.guard.js.map
C:\Users\almed_000\Documents\Visual Studio 2015\Projects\EtfDashboard\EtfDashboard.WebClient\src\app\login\login.guard.js
C:\Users\almed_000\Documents\Visual Studio 2015\Projects\EtfDashboard\EtfDashboard.WebClient\src\app\login\login.guard.js.map
C:\Users\almed_000\Documents\Visual Studio 2015\Projects\EtfDashboard\EtfDashboard.WebClient\src\app\applicationUsers\clan.component.js
C:\Users\almed_000\Documents\Visual Studio 2015\Projects\EtfDashboard\EtfDashboard.WebClient\src\app\applicationUsers\clan.component.js.map
C:\Users\almed_000\Documents\Visual Studio 2015\Projects\EtfDashboard\EtfDashboard.WebClient\src\app\app.routing.js
C:\Users\almed_000\Documents\Visual Studio 2015\Projects\EtfDashboard\EtfDashboard.WebClient\src\app\app.routing.js.map
C:\Users\almed_000\Documents\Visual Studio 2015\Projects\EtfDashboard\EtfDashboard.WebClient\src\app\common\http.client.js
C:\Users\almed_000\Documents\Visual Studio 2015\Projects\EtfDashboard\EtfDashboard.WebClient\src\app\common\http.client.js.map
C:\Users\almed_000\Documents\Visual Studio 2015\Projects\EtfDashboard\EtfDashboard.WebClient\src\app\common\menu.component.js
C:\Users\almed_000\Documents\Visual Studio 2015\Projects\EtfDashboard\EtfDashboard.WebClient\src\app\common\menu.component.js.map
C:\Users\almed_000\Documents\Visual Studio 2015\Projects\EtfDashboard\EtfDashboard.WebClient\src\app\app.component.js
C:\Users\almed_000\Documents\Visual Studio 2015\Projects\EtfDashboard\EtfDashboard.WebClient\src\app\app.component.js.map
C:\Users\almed_000\Documents\Visual Studio 2015\Projects\EtfDashboard\EtfDashboard.WebClient\src\app\app.module.js
C:\Users\almed_000\Documents\Visual Studio 2015\Projects\EtfDashboard\EtfDashboard.WebClient\src\app\app.module.js.map
C:\Users\almed_000\Documents\Visual Studio 2015\Projects\EtfDashboard\EtfDashboard.WebClient\src\main.js
C:\Users\almed_000\Documents\Visual Studio 2015\Projects\EtfDashboard\EtfDashboard.WebClient\src\main.js.map
C:\Users\almed_000\Documents\Visual Studio 2015\Projects\EtfDashboard\EtfDashboard.WebClient\src\app\app.component.spec.js
C:\Users\almed_000\Documents\Visual Studio 2015\Projects\EtfDashboard\EtfDashboard.WebClient\src\app\app.component.spec.js.map
C:\Users\almed_000\Documents\Visual Studio 2015\Projects\EtfDashboard\EtfDashboard.WebClient\src\app\common\global-events-manager.js
C:\Users\almed_000\Documents\Visual Studio 2015\Projects\EtfDashboard\EtfDashboard.WebClient\src\app\common\global-events-manager.js.map
C:\Users\almed_000\Documents\Visual Studio 2015\Projects\EtfDashboard\EtfDashboard.WebClient\src\app\my-globals.js
C:\Users\almed_000\Documents\Visual Studio 2015\Projects\EtfDashboard\EtfDashboard.WebClient\src\app\my-globals.js.map
C:\Users\almed_000\Documents\Visual Studio 2015\Projects\EtfDashboard\EtfDashboard.WebClient\src\app\login\auth.service.js
C:\Users\almed_000\Documents\Visual Studio 2015\Projects\EtfDashboard\EtfDashboard.WebClient\src\app\login\auth.service.js.map
C:\Users\almed_000\Documents\Visual Studio 2015\Projects\EtfDashboard\EtfDashboard.WebClient\src\app\login\login.component.js
C:\Users\almed_000\Documents\Visual Studio 2015\Projects\EtfDashboard\EtfDashboard.WebClient\src\app\login\login.component.js.map
C:\Users\almed_000\Documents\Visual Studio 2015\Projects\EtfDashboard\EtfDashboard.WebClient\src\app\login\auth.guard.js
C:\Users\almed_000\Documents\Visual Studio 2015\Projects\EtfDashboard\EtfDashboard.WebClient\src\app\login\auth.guard.js.map
C:\Users\almed_000\Documents\Visual Studio 2015\Projects\EtfDashboard\EtfDashboard.WebClient\src\app\login\login.guard.js
C:\Users\almed_000\Documents\Visual Studio 2015\Projects\EtfDashboard\EtfDashboard.WebClient\src\app\login\login.guard.js.map
C:\Users\almed_000\Documents\Visual Studio 2015\Projects\EtfDashboard\EtfDashboard.WebClient\src\app\applicationUsers\clan.component.js
C:\Users\almed_000\Documents\Visual Studio 2015\Projects\EtfDashboard\EtfDashboard.WebClient\src\app\applicationUsers\clan.component.js.map
C:\Users\almed_000\Documents\Visual Studio 2015\Projects\EtfDashboard\EtfDashboard.WebClient\src\app\app.routing.js
C:\Users\almed_000\Documents\Visual Studio 2015\Projects\EtfDashboard\EtfDashboard.WebClient\src\app\app.routing.js.map
C:\Users\almed_000\Documents\Visual Studio 2015\Projects\EtfDashboard\EtfDashboard.WebClient\src\app\common\http.client.js
C:\Users\almed_000\Documents\Visual Studio 2015\Projects\EtfDashboard\EtfDashboard.WebClient\src\app\common\http.client.js.map
C:\Users\almed_000\Documents\Visual Studio 2015\Projects\EtfDashboard\EtfDashboard.WebClient\src\app\common\menu.component.js
C:\Users\almed_000\Documents\Visual Studio 2015\Projects\EtfDashboard\EtfDashboard.WebClient\src\app\common\menu.component.js.map
C:\Users\almed_000\Documents\Visual Studio 2015\Projects\EtfDashboard\EtfDashboard.WebClient\src\app\app.component.js
C:\Users\almed_000\Documents\Visual Studio 2015\Projects\EtfDashboard\EtfDashboard.WebClient\src\app\app.component.js.map
C:\Users\almed_000\Documents\Visual Studio 2015\Projects\EtfDashboard\EtfDashboard.WebClient\src\app\app.module.js
C:\Users\almed_000\Documents\Visual Studio 2015\Projects\EtfDashboard\EtfDashboard.WebClient\src\app\app.module.js.map
C:\Users\almed_000\Documents\Visual Studio 2015\Projects\EtfDashboard\EtfDashboard.WebClient\src\main.js
C:\Users\almed_000\Documents\Visual Studio 2015\Projects\EtfDashboard\EtfDashboard.WebClient\src\main.js.map
C:\Users\almed_000\Documents\Visual Studio 2015\Projects\EtfDashboard\EtfDashboard.WebClient\src\app\app.component.spec.js
C:\Users\almed_000\Documents\Visual Studio 2015\Projects\EtfDashboard\EtfDashboard.WebClient\src\app\app.component.spec.js.map
C:\Users\almed_000\Documents\Visual Studio 2015\Projects\EtfDashboard\EtfDashboard.WebClient\src\app\common\global-events-manager.js
C:\Users\almed_000\Documents\Visual Studio 2015\Projects\EtfDashboard\EtfDashboard.WebClient\src\app\common\global-events-manager.js.map
C:\Users\almed_000\Documents\Visual Studio 2015\Projects\EtfDashboard\EtfDashboard.WebClient\src\app\my-globals.js
C:\Users\almed_000\Documents\Visual Studio 2015\Projects\EtfDashboard\EtfDashboard.WebClient\src\app\my-globals.js.map
C:\Users\almed_000\Documents\Visual Studio 2015\Projects\EtfDashboard\EtfDashboard.WebClient\src\app\login\auth.service.js
C:\Users\almed_000\Documents\Visual Studio 2015\Projects\EtfDashboard\EtfDashboard.WebClient\src\app\login\auth.service.js.map
C:\Users\almed_000\Documents\Visual Studio 2015\Projects\EtfDashboard\EtfDashboard.WebClient\src\app\login\login.component.js
C:\Users\almed_000\Documents\Visual Studio 2015\Projects\EtfDashboard\EtfDashboard.WebClient\src\app\login\login.component.js.map
C:\Users\almed_000\Documents\Visual Studio 2015\Projects\EtfDashboard\EtfDashboard.WebClient\src\app\login\auth.guard.js
C:\Users\almed_000\Documents\Visual Studio 2015\Projects\EtfDashboard\EtfDashboard.WebClient\src\app\login\auth.guard.js.map
C:\Users\almed_000\Documents\Visual Studio 2015\Projects\EtfDashboard\EtfDashboard.WebClient\src\app\login\login.guard.js
C:\Users\almed_000\Documents\Visual Studio 2015\Projects\EtfDashboard\EtfDashboard.WebClient\src\app\login\login.guard.js.map
C:\Users\almed_000\Documents\Visual Studio 2015\Projects\EtfDashboard\EtfDashboard.WebClient\src\app\applicationUsers\clan.component.js
C:\Users\almed_000\Documents\Visual Studio 2015\Projects\EtfDashboard\EtfDashboard.WebClient\src\app\applicationUsers\clan.component.js.map
C:\Users\almed_000\Documents\Visual Studio 2015\Projects\EtfDashboard\EtfDashboard.WebClient\src\app\app.routing.js
C:\Users\almed_000\Documents\Visual Studio 2015\Projects\EtfDashboard\EtfDashboard.WebClient\src\app\app.routing.js.map
C:\Users\almed_000\Documents\Visual Studio 2015\Projects\EtfDashboard\EtfDashboard.WebClient\src\app\common\http.client.js
C:\Users\almed_000\Documents\Visual Studio 2015\Projects\EtfDashboard\EtfDashboard.WebClient\src\app\common\http.client.js.map
C:\Users\almed_000\Documents\Visual Studio 2015\Projects\EtfDashboard\EtfDashboard.WebClient\src\app\common\menu.component.js
C:\Users\almed_000\Documents\Visual Studio 2015\Projects\EtfDashboard\EtfDashboard.WebClient\src\app\common\menu.component.js.map
C:\Users\almed_000\Documents\Visual Studio 2015\Projects\EtfDashboard\EtfDashboard.WebClient\src\app\app.component.js
C:\Users\almed_000\Documents\Visual Studio 2015\Projects\EtfDashboard\EtfDashboard.WebClient\src\app\app.component.js.map
C:\Users\almed_000\Documents\Visual Studio 2015\Projects\EtfDashboard\EtfDashboard.WebClient\src\app\app.module.js
C:\Users\almed_000\Documents\Visual Studio 2015\Projects\EtfDashboard\EtfDashboard.WebClient\src\app\app.module.js.map
C:\Users\almed_000\Documents\Visual Studio 2015\Projects\EtfDashboard\EtfDashboard.WebClient\src\main.js
C:\Users\almed_000\Documents\Visual Studio 2015\Projects\EtfDashboard\EtfDashboard.WebClient\src\main.js.map
C:\Users\almed_000\Documents\Visual Studio 2015\Projects\EtfDashboard\EtfDashboard.WebClient\src\app\app.component.spec.js
C:\Users\almed_000\Documents\Visual Studio 2015\Projects\EtfDashboard\EtfDashboard.WebClient\src\app\app.component.spec.js.map
C:\Users\almed_000\Documents\Visual Studio 2015\Projects\EtfDashboard\EtfDashboard.WebClient\src\app\common\global-events-manager.js
C:\Users\almed_000\Documents\Visual Studio 2015\Projects\EtfDashboard\EtfDashboard.WebClient\src\app\common\global-events-manager.js.map
C:\Users\almed_000\Documents\Visual Studio 2015\Projects\EtfDashboard\EtfDashboard.WebClient\src\app\my-globals.js
C:\Users\almed_000\Documents\Visual Studio 2015\Projects\EtfDashboard\EtfDashboard.WebClient\src\app\my-globals.js.map
C:\Users\almed_000\Documents\Visual Studio 2015\Projects\EtfDashboard\EtfDashboard.WebClient\src\app\login\auth.service.js
C:\Users\almed_000\Documents\Visual Studio 2015\Projects\EtfDashboard\EtfDashboard.WebClient\src\app\login\auth.service.js.map
C:\Users\almed_000\Documents\Visual Studio 2015\Projects\EtfDashboard\EtfDashboard.WebClient\src\app\login\login.component.js
C:\Users\almed_000\Documents\Visual Studio 2015\Projects\EtfDashboard\EtfDashboard.WebClient\src\app\login\login.component.js.map
C:\Users\almed_000\Documents\Visual Studio 2015\Projects\EtfDashboard\EtfDashboard.WebClient\src\app\login\auth.guard.js
C:\Users\almed_000\Documents\Visual Studio 2015\Projects\EtfDashboard\EtfDashboard.WebClient\src\app\login\auth.guard.js.map
C:\Users\almed_000\Documents\Visual Studio 2015\Projects\EtfDashboard\EtfDashboard.WebClient\src\app\login\login.guard.js
C:\Users\almed_000\Documents\Visual Studio 2015\Projects\EtfDashboard\EtfDashboard.WebClient\src\app\login\login.guard.js.map
C:\Users\almed_000\Documents\Visual Studio 2015\Projects\EtfDashboard\EtfDashboard.WebClient\src\app\applicationUsers\clan.component.js
C:\Users\almed_000\Documents\Visual Studio 2015\Projects\EtfDashboard\EtfDashboard.WebClient\src\app\applicationUsers\clan.component.js.map
C:\Users\almed_000\Documents\Visual Studio 2015\Projects\EtfDashboard\EtfDashboard.WebClient\src\app\app.routing.js
C:\Users\almed_000\Documents\Visual Studio 2015\Projects\EtfDashboard\EtfDashboard.WebClient\src\app\app.routing.js.map
C:\Users\almed_000\Documents\Visual Studio 2015\Projects\EtfDashboard\EtfDashboard.WebClient\src\app\common\http.client.js
C:\Users\almed_000\Documents\Visual Studio 2015\Projects\EtfDashboard\EtfDashboard.WebClient\src\app\common\http.client.js.map
C:\Users\almed_000\Documents\Visual Studio 2015\Projects\EtfDashboard\EtfDashboard.WebClient\src\app\common\menu.component.js
C:\Users\almed_000\Documents\Visual Studio 2015\Projects\EtfDashboard\EtfDashboard.WebClient\src\app\common\menu.component.js.map
C:\Users\almed_000\Documents\Visual Studio 2015\Projects\EtfDashboard\EtfDashboard.WebClient\src\app\app.component.js
C:\Users\almed_000\Documents\Visual Studio 2015\Projects\EtfDashboard\EtfDashboard.WebClient\src\app\app.component.js.map
C:\Users\almed_000\Documents\Visual Studio 2015\Projects\EtfDashboard\EtfDashboard.WebClient\src\app\app.module.js
C:\Users\almed_000\Documents\Visual Studio 2015\Projects\EtfDashboard\EtfDashboard.WebClient\src\app\app.module.js.map
C:\Users\almed_000\Documents\Visual Studio 2015\Projects\EtfDashboard\EtfDashboard.WebClient\src\main.js
C:\Users\almed_000\Documents\Visual Studio 2015\Projects\EtfDashboard\EtfDashboard.WebClient\src\main.js.map
C:\Users\almed_000\Documents\Visual Studio 2015\Projects\EtfDashboard\EtfDashboard.WebClient\src\app\app.component.spec.js
C:\Users\almed_000\Documents\Visual Studio 2015\Projects\EtfDashboard\EtfDashboard.WebClient\src\app\app.component.spec.js.map
C:\Users\almed_000\Documents\Visual Studio 2015\Projects\EtfDashboard\EtfDashboard.WebClient\src\app\common\global-events-manager.js
C:\Users\almed_000\Documents\Visual Studio 2015\Projects\EtfDashboard\EtfDashboard.WebClient\src\app\common\global-events-manager.js.map
C:\Users\almed_000\Documents\Visual Studio 2015\Projects\EtfDashboard\EtfDashboard.WebClient\src\app\my-globals.js
C:\Users\almed_000\Documents\Visual Studio 2015\Projects\EtfDashboard\EtfDashboard.WebClient\src\app\my-globals.js.map
C:\Users\almed_000\Documents\Visual Studio 2015\Projects\EtfDashboard\EtfDashboard.WebClient\src\app\login\auth.service.js
C:\Users\almed_000\Documents\Visual Studio 2015\Projects\EtfDashboard\EtfDashboard.WebClient\src\app\login\auth.service.js.map
C:\Users\almed_000\Documents\Visual Studio 2015\Projects\EtfDashboard\EtfDashboard.WebClient\src\app\login\login.component.js
C:\Users\almed_000\Documents\Visual Studio 2015\Projects\EtfDashboard\EtfDashboard.WebClient\src\app\login\login.component.js.map
C:\Users\almed_000\Documents\Visual Studio 2015\Projects\EtfDashboard\EtfDashboard.WebClient\src\app\login\auth.guard.js
C:\Users\almed_000\Documents\Visual Studio 2015\Projects\EtfDashboard\EtfDashboard.WebClient\src\app\login\auth.guard.js.map
C:\Users\almed_000\Documents\Visual Studio 2015\Projects\EtfDashboard\EtfDashboard.WebClient\src\app\login\login.guard.js
C:\Users\almed_000\Documents\Visual Studio 2015\Projects\EtfDashboard\EtfDashboard.WebClient\src\app\login\login.guard.js.map
C:\Users\almed_000\Documents\Visual Studio 2015\Projects\EtfDashboard\EtfDashboard.WebClient\src\app\applicationUsers\clan.component.js
C:\Users\almed_000\Documents\Visual Studio 2015\Projects\EtfDashboard\EtfDashboard.WebClient\src\app\applicationUsers\clan.component.js.map
C:\Users\almed_000\Documents\Visual Studio 2015\Projects\EtfDashboard\EtfDashboard.WebClient\src\app\app.routing.js
C:\Users\almed_000\Documents\Visual Studio 2015\Projects\EtfDashboard\EtfDashboard.WebClient\src\app\app.routing.js.map
C:\Users\almed_000\Documents\Visual Studio 2015\Projects\EtfDashboard\EtfDashboard.WebClient\src\app\common\http.client.js
C:\Users\almed_000\Documents\Visual Studio 2015\Projects\EtfDashboard\EtfDashboard.WebClient\src\app\common\http.client.js.map
C:\Users\almed_000\Documents\Visual Studio 2015\Projects\EtfDashboard\EtfDashboard.WebClient\src\app\common\menu.component.js
C:\Users\almed_000\Documents\Visual Studio 2015\Projects\EtfDashboard\EtfDashboard.WebClient\src\app\common\menu.component.js.map
C:\Users\almed_000\Documents\Visual Studio 2015\Projects\EtfDashboard\EtfDashboard.WebClient\src\app\app.component.js
C:\Users\almed_000\Documents\Visual Studio 2015\Projects\EtfDashboard\EtfDashboard.WebClient\src\app\app.component.js.map
C:\Users\almed_000\Documents\Visual Studio 2015\Projects\EtfDashboard\EtfDashboard.WebClient\src\app\app.module.js
C:\Users\almed_000\Documents\Visual Studio 2015\Projects\EtfDashboard\EtfDashboard.WebClient\src\app\app.module.js.map
C:\Users\almed_000\Documents\Visual Studio 2015\Projects\EtfDashboard\EtfDashboard.WebClient\src\main.js
C:\Users\almed_000\Documents\Visual Studio 2015\Projects\EtfDashboard\EtfDashboard.WebClient\src\main.js.map
C:\Users\almed_000\Documents\Visual Studio 2015\Projects\EtfDashboard\EtfDashboard.WebClient\src\app\app.component.spec.js
C:\Users\almed_000\Documents\Visual Studio 2015\Projects\EtfDashboard\EtfDashboard.WebClient\src\app\app.component.spec.js.map
C:\Users\almed_000\Desktop\Oracle i baze podataka\Almo\ETFDashboard\EtfDashboard.WebClient\src\app\common\global-events-manager.js
C:\Users\almed_000\Desktop\Oracle i baze podataka\Almo\ETFDashboard\EtfDashboard.WebClient\src\app\common\global-events-manager.js.map
C:\Users\almed_000\Desktop\Oracle i baze podataka\Almo\ETFDashboard\EtfDashboard.WebClient\src\app\my-globals.js
C:\Users\almed_000\Desktop\Oracle i baze podataka\Almo\ETFDashboard\EtfDashboard.WebClient\src\app\my-globals.js.map
C:\Users\almed_000\Desktop\Oracle i baze podataka\Almo\ETFDashboard\EtfDashboard.WebClient\src\app\login\auth.service.js
C:\Users\almed_000\Desktop\Oracle i baze podataka\Almo\ETFDashboard\EtfDashboard.WebClient\src\app\login\auth.service.js.map
C:\Users\almed_000\Desktop\Oracle i baze podataka\Almo\ETFDashboard\EtfDashboard.WebClient\src\app\login\login.component.js
C:\Users\almed_000\Desktop\Oracle i baze podataka\Almo\ETFDashboard\EtfDashboard.WebClient\src\app\login\login.component.js.map
C:\Users\almed_000\Desktop\Oracle i baze podataka\Almo\ETFDashboard\EtfDashboard.WebClient\src\app\login\auth.guard.js
C:\Users\almed_000\Desktop\Oracle i baze podataka\Almo\ETFDashboard\EtfDashboard.WebClient\src\app\login\auth.guard.js.map
C:\Users\almed_000\Desktop\Oracle i baze podataka\Almo\ETFDashboard\EtfDashboard.WebClient\src\app\login\login.guard.js
C:\Users\almed_000\Desktop\Oracle i baze podataka\Almo\ETFDashboard\EtfDashboard.WebClient\src\app\login\login.guard.js.map
C:\Users\almed_000\Desktop\Oracle i baze podataka\Almo\ETFDashboard\EtfDashboard.WebClient\src\app\applicationUsers\applicationUser.component.js
C:\Users\almed_000\Desktop\Oracle i baze podataka\Almo\ETFDashboard\EtfDashboard.WebClient\src\app\applicationUsers\applicationUser.component.js.map
C:\Users\almed_000\Desktop\Oracle i baze podataka\Almo\ETFDashboard\EtfDashboard.WebClient\src\app\applicationUsers\applicationUser.js
C:\Users\almed_000\Desktop\Oracle i baze podataka\Almo\ETFDashboard\EtfDashboard.WebClient\src\app\applicationUsers\applicationUser.js.map
C:\Users\almed_000\Desktop\Oracle i baze podataka\Almo\ETFDashboard\EtfDashboard.WebClient\src\app\common\http.client.js
C:\Users\almed_000\Desktop\Oracle i baze podataka\Almo\ETFDashboard\EtfDashboard.WebClient\src\app\common\http.client.js.map
C:\Users\almed_000\Desktop\Oracle i baze podataka\Almo\ETFDashboard\EtfDashboard.WebClient\src\app\applicationUsers\applicationUser-service.js
C:\Users\almed_000\Desktop\Oracle i baze podataka\Almo\ETFDashboard\EtfDashboard.WebClient\src\app\applicationUsers\applicationUser-service.js.map
C:\Users\almed_000\Desktop\Oracle i baze podataka\Almo\ETFDashboard\EtfDashboard.WebClient\src\app\applicationUsers\applicationUserSave.component.js
C:\Users\almed_000\Desktop\Oracle i baze podataka\Almo\ETFDashboard\EtfDashboard.WebClient\src\app\applicationUsers\applicationUserSave.component.js.map
C:\Users\almed_000\Desktop\Oracle i baze podataka\Almo\ETFDashboard\EtfDashboard.WebClient\src\app\applicationUsers\applicationUserDetails.component.js
C:\Users\almed_000\Desktop\Oracle i baze podataka\Almo\ETFDashboard\EtfDashboard.WebClient\src\app\applicationUsers\applicationUserDetails.component.js.map
C:\Users\almed_000\Desktop\Oracle i baze podataka\Almo\ETFDashboard\EtfDashboard.WebClient\src\app\app.routing.js
C:\Users\almed_000\Desktop\Oracle i baze podataka\Almo\ETFDashboard\EtfDashboard.WebClient\src\app\app.routing.js.map
C:\Users\almed_000\Desktop\Oracle i baze podataka\Almo\ETFDashboard\EtfDashboard.WebClient\src\app\common\menu.component.js
C:\Users\almed_000\Desktop\Oracle i baze podataka\Almo\ETFDashboard\EtfDashboard.WebClient\src\app\common\menu.component.js.map
C:\Users\almed_000\Desktop\Oracle i baze podataka\Almo\ETFDashboard\EtfDashboard.WebClient\src\app\app.component.js
C:\Users\almed_000\Desktop\Oracle i baze podataka\Almo\ETFDashboard\EtfDashboard.WebClient\src\app\app.component.js.map
C:\Users\almed_000\Desktop\Oracle i baze podataka\Almo\ETFDashboard\EtfDashboard.WebClient\src\app\app.module.js
C:\Users\almed_000\Desktop\Oracle i baze podataka\Almo\ETFDashboard\EtfDashboard.WebClient\src\app\app.module.js.map
C:\Users\almed_000\Desktop\Oracle i baze podataka\Almo\ETFDashboard\EtfDashboard.WebClient\src\main.js
C:\Users\almed_000\Desktop\Oracle i baze podataka\Almo\ETFDashboard\EtfDashboard.WebClient\src\main.js.map
C:\Users\almed_000\Desktop\Oracle i baze podataka\Almo\ETFDashboard\EtfDashboard.WebClient\src\app\app.component.spec.js
C:\Users\almed_000\Desktop\Oracle i baze podataka\Almo\ETFDashboard\EtfDashboard.WebClient\src\app\app.component.spec.js.map
C:\Users\almed_000\Desktop\Oracle i baze podataka\Almo\ETFDashboard\EtfDashboard.WebClient\src\app\common\global-events-manager.js
C:\Users\almed_000\Desktop\Oracle i baze podataka\Almo\ETFDashboard\EtfDashboard.WebClient\src\app\common\global-events-manager.js.map
C:\Users\almed_000\Desktop\Oracle i baze podataka\Almo\ETFDashboard\EtfDashboard.WebClient\src\app\my-globals.js
C:\Users\almed_000\Desktop\Oracle i baze podataka\Almo\ETFDashboard\EtfDashboard.WebClient\src\app\my-globals.js.map
C:\Users\almed_000\Desktop\Oracle i baze podataka\Almo\ETFDashboard\EtfDashboard.WebClient\src\app\login\auth.service.js
C:\Users\almed_000\Desktop\Oracle i baze podataka\Almo\ETFDashboard\EtfDashboard.WebClient\src\app\login\auth.service.js.map
C:\Users\almed_000\Desktop\Oracle i baze podataka\Almo\ETFDashboard\EtfDashboard.WebClient\src\app\login\login.component.js
C:\Users\almed_000\Desktop\Oracle i baze podataka\Almo\ETFDashboard\EtfDashboard.WebClient\src\app\login\login.component.js.map
C:\Users\almed_000\Desktop\Oracle i baze podataka\Almo\ETFDashboard\EtfDashboard.WebClient\src\app\login\auth.guard.js
C:\Users\almed_000\Desktop\Oracle i baze podataka\Almo\ETFDashboard\EtfDashboard.WebClient\src\app\login\auth.guard.js.map
C:\Users\almed_000\Desktop\Oracle i baze podataka\Almo\ETFDashboard\EtfDashboard.WebClient\src\app\login\login.guard.js
C:\Users\almed_000\Desktop\Oracle i baze podataka\Almo\ETFDashboard\EtfDashboard.WebClient\src\app\login\login.guard.js.map
C:\Users\almed_000\Desktop\Oracle i baze podataka\Almo\ETFDashboard\EtfDashboard.WebClient\src\app\applicationUsers\applicationUser.component.js
C:\Users\almed_000\Desktop\Oracle i baze podataka\Almo\ETFDashboard\EtfDashboard.WebClient\src\app\applicationUsers\applicationUser.component.js.map
C:\Users\almed_000\Desktop\Oracle i baze podataka\Almo\ETFDashboard\EtfDashboard.WebClient\src\app\applicationUsers\applicationUser.js
C:\Users\almed_000\Desktop\Oracle i baze podataka\Almo\ETFDashboard\EtfDashboard.WebClient\src\app\applicationUsers\applicationUser.js.map
C:\Users\almed_000\Desktop\Oracle i baze podataka\Almo\ETFDashboard\EtfDashboard.WebClient\src\app\common\http.client.js
C:\Users\almed_000\Desktop\Oracle i baze podataka\Almo\ETFDashboard\EtfDashboard.WebClient\src\app\common\http.client.js.map
C:\Users\almed_000\Desktop\Oracle i baze podataka\Almo\ETFDashboard\EtfDashboard.WebClient\src\app\applicationUsers\applicationUser-service.js
C:\Users\almed_000\Desktop\Oracle i baze podataka\Almo\ETFDashboard\EtfDashboard.WebClient\src\app\applicationUsers\applicationUser-service.js.map
C:\Users\almed_000\Desktop\Oracle i baze podataka\Almo\ETFDashboard\EtfDashboard.WebClient\src\app\applicationUsers\applicationUserSave.component.js
C:\Users\almed_000\Desktop\Oracle i baze podataka\Almo\ETFDashboard\EtfDashboard.WebClient\src\app\applicationUsers\applicationUserSave.component.js.map
C:\Users\almed_000\Desktop\Oracle i baze podataka\Almo\ETFDashboard\EtfDashboard.WebClient\src\app\applicationUsers\applicationUserDetails.component.js
C:\Users\almed_000\Desktop\Oracle i baze podataka\Almo\ETFDashboard\EtfDashboard.WebClient\src\app\applicationUsers\applicationUserDetails.component.js.map
C:\Users\almed_000\Desktop\Oracle i baze podataka\Almo\ETFDashboard\EtfDashboard.WebClient\src\app\app.routing.js
C:\Users\almed_000\Desktop\Oracle i baze podataka\Almo\ETFDashboard\EtfDashboard.WebClient\src\app\app.routing.js.map
C:\Users\almed_000\Desktop\Oracle i baze podataka\Almo\ETFDashboard\EtfDashboard.WebClient\src\app\common\menu.component.js
C:\Users\almed_000\Desktop\Oracle i baze podataka\Almo\ETFDashboard\EtfDashboard.WebClient\src\app\common\menu.component.js.map
C:\Users\almed_000\Desktop\Oracle i baze podataka\Almo\ETFDashboard\EtfDashboard.WebClient\src\app\charts\chartObject.js
C:\Users\almed_000\Desktop\Oracle i baze podataka\Almo\ETFDashboard\EtfDashboard.WebClient\src\app\charts\chartObject.js.map
C:\Users\almed_000\Desktop\Oracle i baze podataka\Almo\ETFDashboard\EtfDashboard.WebClient\src\app\charts\chart-service.js
C:\Users\almed_000\Desktop\Oracle i baze podataka\Almo\ETFDashboard\EtfDashboard.WebClient\src\app\charts\chart-service.js.map
C:\Users\almed_000\Desktop\Oracle i baze podataka\Almo\ETFDashboard\EtfDashboard.WebClient\src\app\app.component.js
C:\Users\almed_000\Desktop\Oracle i baze podataka\Almo\ETFDashboard\EtfDashboard.WebClient\src\app\app.component.js.map
C:\Users\almed_000\Desktop\Oracle i baze podataka\Almo\ETFDashboard\EtfDashboard.WebClient\src\app\app.module.js
C:\Users\almed_000\Desktop\Oracle i baze podataka\Almo\ETFDashboard\EtfDashboard.WebClient\src\app\app.module.js.map
C:\Users\almed_000\Desktop\Oracle i baze podataka\Almo\ETFDashboard\EtfDashboard.WebClient\src\main.js
C:\Users\almed_000\Desktop\Oracle i baze podataka\Almo\ETFDashboard\EtfDashboard.WebClient\src\main.js.map
C:\Users\almed_000\Desktop\Oracle i baze podataka\Almo\ETFDashboard\EtfDashboard.WebClient\src\app\app.component.spec.js
C:\Users\almed_000\Desktop\Oracle i baze podataka\Almo\ETFDashboard\EtfDashboard.WebClient\src\app\app.component.spec.js.map
C:\Users\almed_000\Desktop\Oracle i baze podataka\Almo\ETFDashboard\EtfDashboard.WebClient\src\app\common\global-events-manager.js
C:\Users\almed_000\Desktop\Oracle i baze podataka\Almo\ETFDashboard\EtfDashboard.WebClient\src\app\common\global-events-manager.js.map
C:\Users\almed_000\Desktop\Oracle i baze podataka\Almo\ETFDashboard\EtfDashboard.WebClient\src\app\my-globals.js
C:\Users\almed_000\Desktop\Oracle i baze podataka\Almo\ETFDashboard\EtfDashboard.WebClient\src\app\my-globals.js.map
C:\Users\almed_000\Desktop\Oracle i baze podataka\Almo\ETFDashboard\EtfDashboard.WebClient\src\app\login\auth.service.js
C:\Users\almed_000\Desktop\Oracle i baze podataka\Almo\ETFDashboard\EtfDashboard.WebClient\src\app\login\auth.service.js.map
C:\Users\almed_000\Desktop\Oracle i baze podataka\Almo\ETFDashboard\EtfDashboard.WebClient\src\app\login\login.component.js
C:\Users\almed_000\Desktop\Oracle i baze podataka\Almo\ETFDashboard\EtfDashboard.WebClient\src\app\login\login.component.js.map
C:\Users\almed_000\Desktop\Oracle i baze podataka\Almo\ETFDashboard\EtfDashboard.WebClient\src\app\login\auth.guard.js
C:\Users\almed_000\Desktop\Oracle i baze podataka\Almo\ETFDashboard\EtfDashboard.WebClient\src\app\login\auth.guard.js.map
C:\Users\almed_000\Desktop\Oracle i baze podataka\Almo\ETFDashboard\EtfDashboard.WebClient\src\app\login\login.guard.js
C:\Users\almed_000\Desktop\Oracle i baze podataka\Almo\ETFDashboard\EtfDashboard.WebClient\src\app\login\login.guard.js.map
C:\Users\almed_000\Desktop\Oracle i baze podataka\Almo\ETFDashboard\EtfDashboard.WebClient\src\app\charts\pieChartObject.js
C:\Users\almed_000\Desktop\Oracle i baze podataka\Almo\ETFDashboard\EtfDashboard.WebClient\src\app\charts\pieChartObject.js.map
C:\Users\almed_000\Desktop\Oracle i baze podataka\Almo\ETFDashboard\EtfDashboard.WebClient\src\app\charts\columnChartObject.js
C:\Users\almed_000\Desktop\Oracle i baze podataka\Almo\ETFDashboard\EtfDashboard.WebClient\src\app\charts\columnChartObject.js.map
C:\Users\almed_000\Desktop\Oracle i baze podataka\Almo\ETFDashboard\EtfDashboard.WebClient\src\app\common\http.client.js
C:\Users\almed_000\Desktop\Oracle i baze podataka\Almo\ETFDashboard\EtfDashboard.WebClient\src\app\common\http.client.js.map
C:\Users\almed_000\Desktop\Oracle i baze podataka\Almo\ETFDashboard\EtfDashboard.WebClient\src\app\charts\chart-service.js
C:\Users\almed_000\Desktop\Oracle i baze podataka\Almo\ETFDashboard\EtfDashboard.WebClient\src\app\charts\chart-service.js.map
C:\Users\almed_000\Desktop\Oracle i baze podataka\Almo\ETFDashboard\EtfDashboard.WebClient\src\app\applicationUsers\applicationUser.component.js
C:\Users\almed_000\Desktop\Oracle i baze podataka\Almo\ETFDashboard\EtfDashboard.WebClient\src\app\applicationUsers\applicationUser.component.js.map
C:\Users\almed_000\Desktop\Oracle i baze podataka\Almo\ETFDashboard\EtfDashboard.WebClient\src\app\applicationUsers\applicationUser.js
C:\Users\almed_000\Desktop\Oracle i baze podataka\Almo\ETFDashboard\EtfDashboard.WebClient\src\app\applicationUsers\applicationUser.js.map
C:\Users\almed_000\Desktop\Oracle i baze podataka\Almo\ETFDashboard\EtfDashboard.WebClient\src\app\applicationUsers\applicationUser-service.js
C:\Users\almed_000\Desktop\Oracle i baze podataka\Almo\ETFDashboard\EtfDashboard.WebClient\src\app\applicationUsers\applicationUser-service.js.map
C:\Users\almed_000\Desktop\Oracle i baze podataka\Almo\ETFDashboard\EtfDashboard.WebClient\src\app\applicationUsers\applicationUserSave.component.js
C:\Users\almed_000\Desktop\Oracle i baze podataka\Almo\ETFDashboard\EtfDashboard.WebClient\src\app\applicationUsers\applicationUserSave.component.js.map
C:\Users\almed_000\Desktop\Oracle i baze podataka\Almo\ETFDashboard\EtfDashboard.WebClient\src\app\applicationUsers\applicationUserDetails.component.js
C:\Users\almed_000\Desktop\Oracle i baze podataka\Almo\ETFDashboard\EtfDashboard.WebClient\src\app\applicationUsers\applicationUserDetails.component.js.map
C:\Users\almed_000\Desktop\Oracle i baze podataka\Almo\ETFDashboard\EtfDashboard.WebClient\src\app\charts\columnChart.component.js
C:\Users\almed_000\Desktop\Oracle i baze podataka\Almo\ETFDashboard\EtfDashboard.WebClient\src\app\charts\columnChart.component.js.map
C:\Users\almed_000\Desktop\Oracle i baze podataka\Almo\ETFDashboard\EtfDashboard.WebClient\src\app\charts\pieChart.component.js
C:\Users\almed_000\Desktop\Oracle i baze podataka\Almo\ETFDashboard\EtfDashboard.WebClient\src\app\charts\pieChart.component.js.map
C:\Users\almed_000\Desktop\Oracle i baze podataka\Almo\ETFDashboard\EtfDashboard.WebClient\src\app\app.routing.js
C:\Users\almed_000\Desktop\Oracle i baze podataka\Almo\ETFDashboard\EtfDashboard.WebClient\src\app\app.routing.js.map
C:\Users\almed_000\Desktop\Oracle i baze podataka\Almo\ETFDashboard\EtfDashboard.WebClient\src\app\common\menu.component.js
C:\Users\almed_000\Desktop\Oracle i baze podataka\Almo\ETFDashboard\EtfDashboard.WebClient\src\app\common\menu.component.js.map
C:\Users\almed_000\Desktop\Oracle i baze podataka\Almo\ETFDashboard\EtfDashboard.WebClient\src\app\app.component.js
C:\Users\almed_000\Desktop\Oracle i baze podataka\Almo\ETFDashboard\EtfDashboard.WebClient\src\app\app.component.js.map
C:\Users\almed_000\Desktop\Oracle i baze podataka\Almo\ETFDashboard\EtfDashboard.WebClient\src\app\app.module.js
C:\Users\almed_000\Desktop\Oracle i baze podataka\Almo\ETFDashboard\EtfDashboard.WebClient\src\app\app.module.js.map
C:\Users\almed_000\Desktop\Oracle i baze podataka\Almo\ETFDashboard\EtfDashboard.WebClient\src\main.js
C:\Users\almed_000\Desktop\Oracle i baze podataka\Almo\ETFDashboard\EtfDashboard.WebClient\src\main.js.map
C:\Users\almed_000\Desktop\Oracle i baze podataka\Almo\ETFDashboard\EtfDashboard.WebClient\src\app\app.component.spec.js
C:\Users\almed_000\Desktop\Oracle i baze podataka\Almo\ETFDashboard\EtfDashboard.WebClient\src\app\app.component.spec.js.map
C:\Users\almed_000\Documents\GitHub\ETFDashboard\EtfDashboard.WebClient\src\app\common\global-events-manager.js
C:\Users\almed_000\Documents\GitHub\ETFDashboard\EtfDashboard.WebClient\src\app\common\global-events-manager.js.map
C:\Users\almed_000\Documents\GitHub\ETFDashboard\EtfDashboard.WebClient\src\app\my-globals.js
C:\Users\almed_000\Documents\GitHub\ETFDashboard\EtfDashboard.WebClient\src\app\my-globals.js.map
C:\Users\almed_000\Documents\GitHub\ETFDashboard\EtfDashboard.WebClient\src\app\login\auth.service.js
C:\Users\almed_000\Documents\GitHub\ETFDashboard\EtfDashboard.WebClient\src\app\login\auth.service.js.map
C:\Users\almed_000\Documents\GitHub\ETFDashboard\EtfDashboard.WebClient\src\app\login\login.component.js
C:\Users\almed_000\Documents\GitHub\ETFDashboard\EtfDashboard.WebClient\src\app\login\login.component.js.map
C:\Users\almed_000\Documents\GitHub\ETFDashboard\EtfDashboard.WebClient\src\app\login\auth.guard.js
C:\Users\almed_000\Documents\GitHub\ETFDashboard\EtfDashboard.WebClient\src\app\login\auth.guard.js.map
C:\Users\almed_000\Documents\GitHub\ETFDashboard\EtfDashboard.WebClient\src\app\login\login.guard.js
C:\Users\almed_000\Documents\GitHub\ETFDashboard\EtfDashboard.WebClient\src\app\login\login.guard.js.map
C:\Users\almed_000\Documents\GitHub\ETFDashboard\EtfDashboard.WebClient\src\app\charts\pieChartObject.js
C:\Users\almed_000\Documents\GitHub\ETFDashboard\EtfDashboard.WebClient\src\app\charts\pieChartObject.js.map
C:\Users\almed_000\Documents\GitHub\ETFDashboard\EtfDashboard.WebClient\src\app\charts\columnChartObject.js
C:\Users\almed_000\Documents\GitHub\ETFDashboard\EtfDashboard.WebClient\src\app\charts\columnChartObject.js.map
C:\Users\almed_000\Documents\GitHub\ETFDashboard\EtfDashboard.WebClient\src\app\charts\studyYearObject.js
C:\Users\almed_000\Documents\GitHub\ETFDashboard\EtfDashboard.WebClient\src\app\charts\studyYearObject.js.map
C:\Users\almed_000\Documents\GitHub\ETFDashboard\EtfDashboard.WebClient\src\app\common\http.client.js
C:\Users\almed_000\Documents\GitHub\ETFDashboard\EtfDashboard.WebClient\src\app\common\http.client.js.map
C:\Users\almed_000\Documents\GitHub\ETFDashboard\EtfDashboard.WebClient\src\app\charts\chart-service.js
C:\Users\almed_000\Documents\GitHub\ETFDashboard\EtfDashboard.WebClient\src\app\charts\chart-service.js.map
C:\Users\almed_000\Documents\GitHub\ETFDashboard\EtfDashboard.WebClient\src\app\applicationUsers\applicationUser.component.js
C:\Users\almed_000\Documents\GitHub\ETFDashboard\EtfDashboard.WebClient\src\app\applicationUsers\applicationUser.component.js.map
C:\Users\almed_000\Documents\GitHub\ETFDashboard\EtfDashboard.WebClient\src\app\applicationUsers\applicationUser.js
C:\Users\almed_000\Documents\GitHub\ETFDashboard\EtfDashboard.WebClient\src\app\applicationUsers\applicationUser.js.map
C:\Users\almed_000\Documents\GitHub\ETFDashboard\EtfDashboard.WebClient\src\app\applicationUsers\applicationUser-service.js
C:\Users\almed_000\Documents\GitHub\ETFDashboard\EtfDashboard.WebClient\src\app\applicationUsers\applicationUser-service.js.map
C:\Users\almed_000\Documents\GitHub\ETFDashboard\EtfDashboard.WebClient\src\app\applicationUsers\applicationUserSave.component.js
C:\Users\almed_000\Documents\GitHub\ETFDashboard\EtfDashboard.WebClient\src\app\applicationUsers\applicationUserSave.component.js.map
C:\Users\almed_000\Documents\GitHub\ETFDashboard\EtfDashboard.WebClient\src\app\applicationUsers\applicationUserDetails.component.js
C:\Users\almed_000\Documents\GitHub\ETFDashboard\EtfDashboard.WebClient\src\app\applicationUsers\applicationUserDetails.component.js.map
C:\Users\almed_000\Documents\GitHub\ETFDashboard\EtfDashboard.WebClient\src\app\charts\columnChart.component.js
C:\Users\almed_000\Documents\GitHub\ETFDashboard\EtfDashboard.WebClient\src\app\charts\columnChart.component.js.map
C:\Users\almed_000\Documents\GitHub\ETFDashboard\EtfDashboard.WebClient\src\app\charts\pieChart.component.js
C:\Users\almed_000\Documents\GitHub\ETFDashboard\EtfDashboard.WebClient\src\app\charts\pieChart.component.js.map
C:\Users\almed_000\Documents\GitHub\ETFDashboard\EtfDashboard.WebClient\src\app\charts\lineChart.component.js
C:\Users\almed_000\Documents\GitHub\ETFDashboard\EtfDashboard.WebClient\src\app\charts\lineChart.component.js.map
C:\Users\almed_000\Documents\GitHub\ETFDashboard\EtfDashboard.WebClient\src\app\app.routing.js
C:\Users\almed_000\Documents\GitHub\ETFDashboard\EtfDashboard.WebClient\src\app\app.routing.js.map
C:\Users\almed_000\Documents\GitHub\ETFDashboard\EtfDashboard.WebClient\src\app\common\menu.component.js
C:\Users\almed_000\Documents\GitHub\ETFDashboard\EtfDashboard.WebClient\src\app\common\menu.component.js.map
C:\Users\almed_000\Documents\GitHub\ETFDashboard\EtfDashboard.WebClient\src\app\app.component.js
C:\Users\almed_000\Documents\GitHub\ETFDashboard\EtfDashboard.WebClient\src\app\app.component.js.map
C:\Users\almed_000\Documents\GitHub\ETFDashboard\EtfDashboard.WebClient\src\app\app.module.js
C:\Users\almed_000\Documents\GitHub\ETFDashboard\EtfDashboard.WebClient\src\app\app.module.js.map
C:\Users\almed_000\Documents\GitHub\ETFDashboard\EtfDashboard.WebClient\src\main.js
C:\Users\almed_000\Documents\GitHub\ETFDashboard\EtfDashboard.WebClient\src\main.js.map
C:\Users\almed_000\Documents\GitHub\ETFDashboard\EtfDashboard.WebClient\src\app\app.component.spec.js
C:\Users\almed_000\Documents\GitHub\ETFDashboard\EtfDashboard.WebClient\src\app\app.component.spec.js.map
C:\Users\almed_000\Documents\GitHub\ETFDashboard\EtfDashboard.WebClient\src\app\charts\lineChart.js
C:\Users\almed_000\Documents\GitHub\ETFDashboard\EtfDashboard.WebClient\src\app\charts\lineChart.js.map
